生成启动时间为 2012/5/30 10:54:43。
     1>项目“C:\Users\Dear Lay One\Desktop\BMVS\BMVS\BMVS.vcxproj”在节点 2 上(build 个目标)。
     1>InitializeBuildStatus:
         正在创建“Debug\BMVS.unsuccessfulbuild”，因为已指定“AlwaysCreate”。
       ClCompile:
         C:\Program Files\Microsoft Visual Studio 10.0\VC\bin\CL.exe /c /ZI /nologo /W3 /WX- /Od /Oy- /D WIN32 /D _DEBUG /D _CONSOLE /D _UNICODE /D UNICODE /Gm /EHsc /RTC1 /MDd /GS /fp:precise /Zc:wchar_t /Zc:forScope /Fo"Debug\\" /Fd"Debug\vc100.pdb" /Gd /TP /analyze- /errorReport:prompt ..\BMVS.cpp
         BMVS.cpp
     1>c:\users\dear lay one\desktop\bmvs\bmvs.cpp(117): warning C4244: “初始化”: 从“double”转换到“int”，可能丢失数据
       ManifestResourceCompile:
         所有输出均为最新。
       Link:
         C:\Program Files\Microsoft Visual Studio 10.0\VC\bin\link.exe /ERRORREPORT:PROMPT /OUT:"C:\Users\Dear Lay One\Desktop\BMVS\Debug\BMVS.exe" /INCREMENTAL /NOLOGO kernel32.lib user32.lib gdi32.lib winspool.lib comdlg32.lib advapi32.lib shell32.lib ole32.lib oleaut32.lib uuid.lib odbc32.lib odbccp32.lib /MANIFEST /ManifestFile:"Debug\BMVS.exe.intermediate.manifest" /MANIFESTUAC:"level='asInvoker' uiAccess='false'" /DEBUG /PDB:"C:\Users\Dear Lay One\Desktop\BMVS\Debug\BMVS.pdb" /SUBSYSTEM:CONSOLE /TLBID:1 /DYNAMICBASE /NXCOMPAT /IMPLIB:"C:\Users\Dear Lay One\Desktop\BMVS\Debug\BMVS.lib" /MACHINE:X86 Debug\BMVS.exe.embed.manifest.res
         Debug\BMVS.obj
       Manifest:
         C:\Program Files\Microsoft SDKs\Windows\v7.0A\bin\mt.exe /nologo /verbose /out:"Debug\BMVS.exe.embed.manifest" /manifest Debug\BMVS.exe.intermediate.manifest
         所有输出均为最新。
       LinkEmbedManifest:
         所有输出均为最新。
         BMVS.vcxproj -> C:\Users\Dear Lay One\Desktop\BMVS\Debug\BMVS.exe
       FinalizeBuildStatus:
         正在删除文件“Debug\BMVS.unsuccessfulbuild”。
         正在对“Debug\BMVS.lastbuildstate”执行 Touch 任务。
     1>已完成生成项目“C:\Users\Dear Lay One\Desktop\BMVS\BMVS\BMVS.vcxproj”(build 个目标)的操作。

生成成功。

已用时间 00:00:01.24
